2021/03/15 22:47:10 [INFO] Packer version: 1.7.0 [go1.15.8 linux amd64]
2021/03/15 22:47:10 [TRACE] discovering plugins in /usr/local/bin
2021/03/15 22:47:10 [TRACE] discovering plugins in /root/.packer.d/plugins
2021/03/15 22:47:10 [TRACE] discovering plugins in .
2021/03/15 22:47:10 [INFO] PACKER_CONFIG env var not set; checking the default config file path
2021/03/15 22:47:10 [INFO] PACKER_CONFIG env var set; attempting to open config file: /root/.packerconfig
2021/03/15 22:47:10 [WARN] Config file doesn't exist: /root/.packerconfig
2021/03/15 22:47:10 [INFO] Setting cache directory: /server/packer_cache
2021/03/15 22:47:10 [TRACE] validateValue: not active for name, so skipping
2021/03/15 22:47:10 [TRACE] validateValue: not active for name, so skipping
2021/03/15 22:47:10 [TRACE] validateValue: not active for name, so skipping
2021/03/15 22:47:10 [TRACE] Starting internal plugin packer-datasource-amazon-ami
2021/03/15 22:47:10 Starting plugin: /usr/local/bin/packer []string{"/usr/local/bin/packer", "plugin", "packer-datasource-amazon-ami"}
2021/03/15 22:47:10 Waiting for RPC address for: /usr/local/bin/packer
2021/03/15 22:47:10 ui error: Cancelling build after receiving interrupt
2021/03/15 22:47:10 /usr/local/bin/packer: plugin process exited
2021/03/15 22:47:10 [TRACE] validateValue: not active for name, so skipping
2021/03/15 22:47:10 waiting for all plugin processes to complete...
panic: runtime error: invalid memory address or nil pointer dereference
[signal SIGSEGV: segmentation violation code=0x1 addr=0x18 pc=0xdb4d37]

goroutine 1 [running]:
github.com/hashicorp/packer/hcl2template.decodeHCL2Spec(0x54f7dc0, 0xc000135dd0, 0xc000418440, 0x0, 0x0, 0xc0006484f0, 0x1, 0x2, 0x7d271c0, 0xc0009252d0, ...)
	/home/circleci/project/packer/hcl2template/decode.go:17 +0x37
github.com/hashicorp/packer/hcl2template.(*PackerConfig).startDatasource(0xc0004f5d40, 0x7f4bf3c5be60, 0xc0001345a0, 0xc0001930d0, 0xa, 0xc000193100, 0xe, 0x7f4c1a8dc7d0, 0xc000789260, 0x0, ...)
	/home/circleci/project/packer/hcl2template/types.datasource.go:105 +0x252
github.com/hashicorp/packer/hcl2template.(*PackerConfig).evaluateDatasources(0xc0004f5d40, 0x0, 0x0, 0x0, 0x0)
	/home/circleci/project/packer/hcl2template/types.packer_config.go:288 +0x289
github.com/hashicorp/packer/hcl2template.(*PackerConfig).Initialize(0xc0004f5d40, 0xc00022c000, 0x55131e0, 0xc0004f5d40, 0x0)
	/home/circleci/project/packer/hcl2template/parser.go:313 +0x209
github.com/hashicorp/packer/command.(*BuildCommand).RunContext(0xc000135290, 0x54f7600, 0xc000195e80, 0xc00022c090, 0xc00022c090)
	/home/circleci/project/packer/command/build.go:148 +0x8b
github.com/hashicorp/packer/command.(*BuildCommand).Run(0xc000135290, 0xc00006e0a0, 0x2, 0x2, 0x0)
	/home/circleci/project/packer/command/build.go:40 +0xff
github.com/mitchellh/cli.(*CLI).Run(0xc0006572c0, 0xc0006572c0, 0x1, 0x1)
	/home/circleci/go/pkg/mod/github.com/mitchellh/cli@v1.1.0/cli.go:260 +0x1cf
main.wrappedMain(0x0)
	/home/circleci/project/packer/main.go:245 +0x812
main.realMain(0x0)
	/home/circleci/project/packer/main.go:49 +0x105
main.main()
	/home/circleci/project/packer/main.go:35 +0x25
